This file contains any messages produced by compilers while
running configure, to aid debugging if configure makes a mistake.

It was created by HTS-demo_CMU-ARCTIC-SLT configure 2.1, which was
generated by GNU Autoconf 2.59.  Invocation command line was

  $ ./configure --with-hts-search-path=/usr/local/HTS-2.1/bin/ --with-hts-engine-search-path=/usr/local/bin/ --with-sptk-search-path=/home/szm/tts/tools_install/sptk/SPTK-3.8/bin/

## --------- ##
## Platform. ##
## --------- ##

hostname = localhost.localdomain
uname -m = x86_64
uname -r = 3.10.0-123.el7.x86_64
uname -s = Linux
uname -v = #1 SMP Mon Jun 30 12:09:22 UTC 2014

/usr/bin/uname -p = x86_64
/bin/uname -X     = unknown

/bin/arch              = x86_64
/usr/bin/arch -k       = unknown
/usr/convex/getsysinfo = unknown
hostinfo               = unknown
/bin/machine           = unknown
/usr/bin/oslevel       = unknown
/bin/universe          = unknown

PATH: /root/perl5/bin
PATH: /usr/local/sbin
PATH: /usr/local/bin
PATH: /usr/sbin
PATH: /usr/bin
PATH: /root/bin
PATH: /home/NLP_utils/softwares/lm/srilm/bin
PATH: /home/NLP_utils/softwares/lm/srilm/bin/i686-m64


## ----------- ##
## Core tests. ##
## ----------- ##

configure:1503: checking for gawk
configure:1519: found /usr/bin/gawk
configure:1529: result: gawk
configure:1545: checking for perl
configure:1564: found /usr/bin/perl
configure:1577: result: /usr/bin/perl
configure:1595: checking for bc
configure:1614: found /usr/bin/bc
configure:1627: result: /usr/bin/bc
configure:1654: checking for dumpfeats
configure:1686: result: :
configure:1708: checking for swab
configure:1727: found /usr/local/bin/swab
configure:1740: result: /usr/local/bin/swab
configure:1750: checking for x2x
configure:1769: found /usr/local/bin/x2x
configure:1782: result: /usr/local/bin/x2x
configure:1795: checking for mcep
configure:1814: found /usr/local/bin/mcep
configure:1827: result: /usr/local/bin/mcep
configure:1968: checking for lpc2lsp
configure:1987: found /usr/local/bin/lpc2lsp
configure:2000: result: /usr/local/bin/lpc2lsp
configure:2026: checking for vstat
configure:2045: found /usr/local/bin/vstat
configure:2058: result: /usr/local/bin/vstat
configure:2074: checking for sopr
configure:2093: found /usr/local/bin/sopr
configure:2106: result: /usr/local/bin/sopr
configure:2122: checking for vopr
configure:2141: found /usr/local/bin/vopr
configure:2154: result: /usr/local/bin/vopr
configure:2170: checking for freqt
configure:2189: found /usr/local/bin/freqt
configure:2202: result: /usr/local/bin/freqt
configure:2218: checking for c2acr
configure:2237: found /usr/local/bin/c2acr
configure:2250: result: /usr/local/bin/c2acr
configure:2266: checking for mc2b
configure:2285: found /usr/local/bin/mc2b
configure:2298: result: /usr/local/bin/mc2b
configure:2314: checking for b2mc
configure:2333: found /usr/local/bin/b2mc
configure:2346: result: /usr/local/bin/b2mc
configure:2362: checking for merge
configure:2381: found /usr/local/bin/merge
configure:2394: result: /usr/local/bin/merge
configure:2420: checking for average
configure:2439: found /usr/local/bin/average
configure:2452: result: /usr/local/bin/average
configure:2478: checking for bcp
configure:2497: found /usr/local/bin/bcp
configure:2510: result: /usr/local/bin/bcp
configure:2526: checking for lsp2lpc
configure:2545: found /usr/local/bin/lsp2lpc
configure:2558: result: /usr/local/bin/lsp2lpc
configure:2584: checking for lspcheck
configure:2603: found /usr/local/bin/lspcheck
configure:2616: result: /usr/local/bin/lspcheck
configure:2632: checking for mgc2mgc
configure:2651: found /usr/local/bin/mgc2mgc
configure:2664: result: /usr/local/bin/mgc2mgc
configure:2680: checking for mgc2sp
configure:2699: found /usr/local/bin/mgc2sp
configure:2712: result: /usr/local/bin/mgc2sp
configure:2728: checking for interpolate
configure:2747: found /usr/local/bin/interpolate
configure:2760: result: /usr/local/bin/interpolate
configure:2776: checking for dfs
configure:2795: found /usr/local/bin/dfs
configure:2808: result: /usr/local/bin/dfs
configure:2824: checking for nan
configure:2843: found /usr/local/bin/nan
configure:2856: result: /usr/local/bin/nan
configure:2883: checking for sox
configure:2902: found /usr/bin/sox
configure:2915: result: /usr/bin/sox
configure:2937: checking for matlab
configure:2969: result: :
configure:3005: checking for HMGenS
configure:3024: found /usr/local/HTS-2.1/bin//HMGenS
configure:3037: result: /usr/local/HTS-2.1/bin//HMGenS
configure:3053: checking for HCompV
configure:3072: found /usr/local/HTS-2.1/bin//HCompV
configure:3085: result: /usr/local/HTS-2.1/bin//HCompV
configure:3101: checking for HInit
configure:3120: found /usr/local/HTS-2.1/bin//HInit
configure:3133: result: /usr/local/HTS-2.1/bin//HInit
configure:3149: checking for HRest
configure:3168: found /usr/local/HTS-2.1/bin//HRest
configure:3181: result: /usr/local/HTS-2.1/bin//HRest
configure:3197: checking for HERest
configure:3216: found /usr/local/HTS-2.1/bin//HERest
configure:3229: result: /usr/local/HTS-2.1/bin//HERest
configure:3245: checking for HHEd
configure:3264: found /usr/local/HTS-2.1/bin//HHEd
configure:3277: result: /usr/local/HTS-2.1/bin//HHEd
configure:3304: checking for hts_engine
configure:3323: found /usr/local/bin//hts_engine
configure:3336: result: /usr/local/bin//hts_engine
configure:3408: checking for gcc
configure:3424: found /usr/bin/gcc
configure:3434: result: gcc
configure:3678: checking for C compiler version
configure:3681: gcc --version </dev/null >&5
gcc (GCC) 4.8.3 20140911 (Red Hat 4.8.3-9)
Copyright (C) 2013 Free Software Foundation, Inc.
This is free software; see the source for copying conditions.  There is NO
warranty; not even for MERCHANTABILITY or FITNESS FOR A PARTICULAR PURPOSE.

configure:3684: $? = 0
configure:3686: gcc -v </dev/null >&5
Using built-in specs.
COLLECT_GCC=gcc
COLLECT_LTO_WRAPPER=/usr/libexec/gcc/x86_64-redhat-linux/4.8.3/lto-wrapper
Target: x86_64-redhat-linux
Configured with: ../configure --prefix=/usr --mandir=/usr/share/man --infodir=/usr/share/info --with-bugurl=http://bugzilla.redhat.com/bugzilla --enable-bootstrap --enable-shared --enable-threads=posix --enable-checking=release --with-system-zlib --enable-__cxa_atexit --disable-libunwind-exceptions --enable-gnu-unique-object --enable-linker-build-id --with-linker-hash-style=gnu --enable-languages=c,c++,objc,obj-c++,java,fortran,ada,go,lto --enable-plugin --enable-initfini-array --disable-libgcj --with-isl=/builddir/build/BUILD/gcc-4.8.3-20140911/obj-x86_64-redhat-linux/isl-install --with-cloog=/builddir/build/BUILD/gcc-4.8.3-20140911/obj-x86_64-redhat-linux/cloog-install --enable-gnu-indirect-function --with-tune=generic --with-arch_32=x86-64 --build=x86_64-redhat-linux
Thread model: posix
gcc version 4.8.3 20140911 (Red Hat 4.8.3-9) (GCC) 
configure:3689: $? = 0
configure:3691: gcc -V </dev/null >&5
gcc: error: unrecognized command line option '-V'
gcc: fatal error: no input files
compilation terminated.
configure:3694: $? = 4
configure:3717: checking for C compiler default output file name
configure:3720: gcc    conftest.c  >&5
configure:3723: $? = 0
configure:3769: result: a.out
configure:3774: checking whether the C compiler works
configure:3780: ./a.out
configure:3783: $? = 0
configure:3800: result: yes
configure:3807: checking whether we are cross compiling
configure:3809: result: no
configure:3812: checking for suffix of executables
configure:3814: gcc -o conftest    conftest.c  >&5
configure:3817: $? = 0
configure:3842: result: 
configure:3848: checking for suffix of object files
configure:3869: gcc -c   conftest.c >&5
configure:3872: $? = 0
configure:3894: result: o
configure:3898: checking whether we are using the GNU C compiler
configure:3922: gcc -c   conftest.c >&5
configure:3928: $? = 0
configure:3932: test -z 
			 || test ! -s conftest.err
configure:3935: $? = 0
configure:3938: test -s conftest.o
configure:3941: $? = 0
configure:3954: result: yes
configure:3960: checking whether gcc accepts -g
configure:3981: gcc -c -g  conftest.c >&5
configure:3987: $? = 0
configure:3991: test -z 
			 || test ! -s conftest.err
configure:3994: $? = 0
configure:3997: test -s conftest.o
configure:4000: $? = 0
configure:4011: result: yes
configure:4028: checking for gcc option to accept ANSI C
configure:4098: gcc  -c -g -O2  conftest.c >&5
configure:4104: $? = 0
configure:4108: test -z 
			 || test ! -s conftest.err
configure:4111: $? = 0
configure:4114: test -s conftest.o
configure:4117: $? = 0
configure:4135: result: none needed
configure:4153: gcc -c -g -O2  conftest.c >&5
conftest.c:2:3: error: unknown type name 'choke'
   choke me
   ^
conftest.c:2:3: error: expected '=', ',', ';', 'asm' or '__attribute__' at end of input
configure:4159: $? = 1
configure: failed program was:
| #ifndef __cplusplus
|   choke me
| #endif
configure:4293: checking whether byte ordering is bigendian
configure:4320: gcc -c -g -O2  conftest.c >&5
configure:4326: $? = 0
configure:4330: test -z 
			 || test ! -s conftest.err
configure:4333: $? = 0
configure:4336: test -s conftest.o
configure:4339: $? = 0
configure:4363: gcc -c -g -O2  conftest.c >&5
conftest.c: In function 'main':
conftest.c:16:2: error: unknown type name 'not'
  not big endian
  ^
conftest.c:16:10: error: expected '=', ',', ';', 'asm' or '__attribute__' before 'endian'
  not big endian
          ^
configure:4369: $? = 1
configure: failed program was:
| /* confdefs.h.  */
| 
| #define PACKAGE_NAME "HTS-demo_CMU-ARCTIC-SLT"
| #define PACKAGE_TARNAME "hts-demo_cmu-arctic-slt"
| #define PACKAGE_VERSION "2.1"
| #define PACKAGE_STRING "HTS-demo_CMU-ARCTIC-SLT 2.1"
| #define PACKAGE_BUGREPORT "hts-users@sp.nitech.ac.jp"
| /* end confdefs.h.  */
| #include <sys/types.h>
| #include <sys/param.h>
| 
| int
| main ()
| {
| #if BYTE_ORDER != BIG_ENDIAN
|  not big endian
| #endif
| 
|   ;
|   return 0;
| }
configure:4504: result: no
configure:4972: creating ./config.status

## ---------------------- ##
## Running config.status. ##
## ---------------------- ##

This file was extended by HTS-demo_CMU-ARCTIC-SLT config.status 2.1, which was
generated by GNU Autoconf 2.59.  Invocation command line was

  CONFIG_FILES    = 
  CONFIG_HEADERS  = 
  CONFIG_LINKS    = 
  CONFIG_COMMANDS = 
  $ ./config.status 

on localhost.localdomain

config.status:714: creating data/Makefile
config.status:714: creating scripts/Config.pm
config.status:714: creating Makefile

## ---------------- ##
## Cache variables. ##
## ---------------- ##

ac_cv_c_bigendian=no
ac_cv_c_compiler_gnu=yes
ac_cv_env_CC_set=
ac_cv_env_CC_value=
ac_cv_env_CFLAGS_set=
ac_cv_env_CFLAGS_value=
ac_cv_env_CPPFLAGS_set=
ac_cv_env_CPPFLAGS_value=
ac_cv_env_DATASET_set=
ac_cv_env_DATASET_value=
ac_cv_env_EMEPSILON_set=
ac_cv_env_EMEPSILON_value=
ac_cv_env_FRAMESHIFT_set=
ac_cv_env_FRAMESHIFT_value=
ac_cv_env_FREQWARP_set=
ac_cv_env_FREQWARP_value=
ac_cv_env_GAMMA_set=
ac_cv_env_GAMMA_value=
ac_cv_env_GVEPSILON_set=
ac_cv_env_GVEPSILON_value=
ac_cv_env_GVWEIGHT_set=
ac_cv_env_GVWEIGHT_value=
ac_cv_env_HMMWEIGHT_set=
ac_cv_env_HMMWEIGHT_value=
ac_cv_env_IMPLEN_set=
ac_cv_env_IMPLEN_value=
ac_cv_env_LDFLAGS_set=
ac_cv_env_LDFLAGS_value=
ac_cv_env_LF0BANDWIDTH_set=
ac_cv_env_LF0BANDWIDTH_value=
ac_cv_env_LNGAIN_set=
ac_cv_env_LNGAIN_value=
ac_cv_env_LOWERF0_set=
ac_cv_env_LOWERF0_value=
ac_cv_env_MAXDEV_set=
ac_cv_env_MAXDEV_value=
ac_cv_env_MAXEMITER_set=
ac_cv_env_MAXEMITER_value=
ac_cv_env_MAXGVITER_set=
ac_cv_env_MAXGVITER_value=
ac_cv_env_MGCBANDWIDTH_set=
ac_cv_env_MGCBANDWIDTH_value=
ac_cv_env_MGCLSP_set=
ac_cv_env_MGCLSP_value=
ac_cv_env_MGCORDER_set=
ac_cv_env_MGCORDER_value=
ac_cv_env_MINDUR_set=
ac_cv_env_MINDUR_value=
ac_cv_env_MINEUCNORM_set=
ac_cv_env_MINEUCNORM_value=
ac_cv_env_NBAPTRANSBLK_set=
ac_cv_env_NBAPTRANSBLK_value=
ac_cv_env_NBAPWIN_set=
ac_cv_env_NBAPWIN_value=
ac_cv_env_NITER_set=
ac_cv_env_NITER_value=
ac_cv_env_NLF0TRANSBLK_set=
ac_cv_env_NLF0TRANSBLK_value=
ac_cv_env_NLF0WIN_set=
ac_cv_env_NLF0WIN_value=
ac_cv_env_NMGCTRANSBLK_set=
ac_cv_env_NMGCTRANSBLK_value=
ac_cv_env_NMGCWIN_set=
ac_cv_env_NMGCWIN_value=
ac_cv_env_NSTATE_set=
ac_cv_env_NSTATE_value=
ac_cv_env_OPTKIND_set=
ac_cv_env_OPTKIND_value=
ac_cv_env_PSTFILTER_set=
ac_cv_env_PSTFILTER_value=
ac_cv_env_QNUM_set=
ac_cv_env_QNUM_value=
ac_cv_env_SAMPFREQ_set=
ac_cv_env_SAMPFREQ_value=
ac_cv_env_SPEAKER_set=
ac_cv_env_SPEAKER_value=
ac_cv_env_STEPDEC_set=
ac_cv_env_STEPDEC_value=
ac_cv_env_STEPINC_set=
ac_cv_env_STEPINC_value=
ac_cv_env_STEPINIT_set=
ac_cv_env_STEPINIT_value=
ac_cv_env_UPPERF0_set=
ac_cv_env_UPPERF0_value=
ac_cv_env_USEGV_set=
ac_cv_env_USEGV_value=
ac_cv_env_VER_set=
ac_cv_env_VER_value=
ac_cv_env_WFLOOR_set=
ac_cv_env_WFLOOR_value=
ac_cv_env_build_alias_set=
ac_cv_env_build_alias_value=
ac_cv_env_host_alias_set=
ac_cv_env_host_alias_value=
ac_cv_env_target_alias_set=
ac_cv_env_target_alias_value=
ac_cv_exeext=
ac_cv_objext=o
ac_cv_path_AVERAGE=/usr/local/bin/average
ac_cv_path_B2MC=/usr/local/bin/b2mc
ac_cv_path_BC=/usr/bin/bc
ac_cv_path_BCP=/usr/local/bin/bcp
ac_cv_path_C2ACR=/usr/local/bin/c2acr
ac_cv_path_DFS=/usr/local/bin/dfs
ac_cv_path_DUMPFEATS=:
ac_cv_path_ENGINE=/usr/local/bin//hts_engine
ac_cv_path_FREQT=/usr/local/bin/freqt
ac_cv_path_HCOMPV=/usr/local/HTS-2.1/bin//HCompV
ac_cv_path_HEREST=/usr/local/HTS-2.1/bin//HERest
ac_cv_path_HHED=/usr/local/HTS-2.1/bin//HHEd
ac_cv_path_HINIT=/usr/local/HTS-2.1/bin//HInit
ac_cv_path_HMGENS=/usr/local/HTS-2.1/bin//HMGenS
ac_cv_path_HREST=/usr/local/HTS-2.1/bin//HRest
ac_cv_path_INTERPOLATE=/usr/local/bin/interpolate
ac_cv_path_LPC2LSP=/usr/local/bin/lpc2lsp
ac_cv_path_LSP2LPC=/usr/local/bin/lsp2lpc
ac_cv_path_LSPCHECK=/usr/local/bin/lspcheck
ac_cv_path_MATLAB=:
ac_cv_path_MC2B=/usr/local/bin/mc2b
ac_cv_path_MERGE=/usr/local/bin/merge
ac_cv_path_MGC2MGC=/usr/local/bin/mgc2mgc
ac_cv_path_MGC2SP=/usr/local/bin/mgc2sp
ac_cv_path_MGCEP=/usr/local/bin/mcep
ac_cv_path_NAN=/usr/local/bin/nan
ac_cv_path_PERL=/usr/bin/perl
ac_cv_path_SOPR=/usr/local/bin/sopr
ac_cv_path_SOX=/usr/bin/sox
ac_cv_path_SWAB=/usr/local/bin/swab
ac_cv_path_VOPR=/usr/local/bin/vopr
ac_cv_path_VSTAT=/usr/local/bin/vstat
ac_cv_path_X2X=/usr/local/bin/x2x
ac_cv_prog_AWK=gawk
ac_cv_prog_ac_ct_CC=gcc
ac_cv_prog_cc_g=yes
ac_cv_prog_cc_stdc=

## ----------------- ##
## Output variables. ##
## ----------------- ##

AVERAGE='/usr/local/bin/average'
AWK='gawk'
B2MC='/usr/local/bin/b2mc'
BAPBANDWIDTH='5'
BAPSTREN='5'
BC='/usr/bin/bc'
BCP='/usr/local/bin/bcp'
BYTESWAP='0'
C2ACR='/usr/local/bin/c2acr'
CC='gcc'
CFLAGS='-g -O2'
CPPFLAGS=''
DATASET='cmu_us_arctic'
DEFS='-DPACKAGE_NAME=\"HTS-demo_CMU-ARCTIC-SLT\" -DPACKAGE_TARNAME=\"hts-demo_cmu-arctic-slt\" -DPACKAGE_VERSION=\"2.1\" -DPACKAGE_STRING=\"HTS-demo_CMU-ARCTIC-SLT\ 2.1\" -DPACKAGE_BUGREPORT=\"hts-users@sp.nitech.ac.jp\" '
DFS='/usr/local/bin/dfs'
DUMPFEATS=':'
ECHO_C=''
ECHO_N='-n'
ECHO_T=''
EMEPSILON='0.0001'
ENGINE='/usr/local/bin//hts_engine'
EXEEXT=''
F0STREN='4'
FRAMESHIFT='80'
FREQT='/usr/local/bin/freqt'
FREQWARP='0.42'
GAMMA='0'
GVEPSILON='0.0001'
GVWEIGHT='1.0'
HCOMPV='/usr/local/HTS-2.1/bin//HCompV'
HEREST='/usr/local/HTS-2.1/bin//HERest'
HHED='/usr/local/HTS-2.1/bin//HHEd'
HINIT='/usr/local/HTS-2.1/bin//HInit'
HMGENS='/usr/local/HTS-2.1/bin//HMGenS'
HMMWEIGHT='1.0'
HREST='/usr/local/HTS-2.1/bin//HRest'
IMPLEN='4096'
INTERPOLATE='/usr/local/bin/interpolate'
LDFLAGS=''
LF0BANDWIDTH='0'
LIBOBJS=''
LIBS=''
LNGAIN='1'
LOWERF0='80'
LPC2LSP='/usr/local/bin/lpc2lsp'
LSP2LPC='/usr/local/bin/lsp2lpc'
LSPCHECK='/usr/local/bin/lspcheck'
LTLIBOBJS=''
MATLAB=': -nodisplay -nosplash -nojvm'
MAXDEV='10'
MAXEMITER='20'
MAXGVITER='50'
MC2B='/usr/local/bin/mc2b'
MERGE='/usr/local/bin/merge'
MGC2MGC='/usr/local/bin/mgc2mgc'
MGC2SP='/usr/local/bin/mgc2sp'
MGCBANDWIDTH='39'
MGCEP='/usr/local/bin/mcep'
MGCLSP='0'
MGCORDER='39'
MGCVSIZE='40'
MINDUR='5'
MINEUCNORM='0.01'
NAN='/usr/local/bin/nan'
NBAPTRANSBLK='3'
NBAPWIN='3'
NITER='5'
NLF0TRANSBLK='1'
NLF0WIN='3'
NMGCTRANSBLK='3'
NMGCWIN='3'
NSTATE='5'
OBJEXT='o'
OPTKIND='NEWTON'
PACKAGE_BUGREPORT='hts-users@sp.nitech.ac.jp'
PACKAGE_NAME='HTS-demo_CMU-ARCTIC-SLT'
PACKAGE_STRING='HTS-demo_CMU-ARCTIC-SLT 2.1'
PACKAGE_TARNAME='hts-demo_cmu-arctic-slt'
PACKAGE_VERSION='2.1'
PATH_SEPARATOR=':'
PERL='/usr/bin/perl'
PSTFILTER='1.4'
PWD='/home/szm/tts/train_hts_model/4.train.bak3'
QNUM='001'
SAMPFREQ='16000'
SHELL='/bin/sh'
SOPR='/usr/local/bin/sopr'
SOX='/usr/bin/sox'
SPEAKER='slt'
STEPDEC='0.5'
STEPINC='1.2'
STEPINIT='1.0'
STRAIGHT=''
SWAB='/usr/local/bin/swab'
UPPERF0='350'
USEGV='1'
VER='1'
VOPR='/usr/local/bin/vopr'
VSTAT='/usr/local/bin/vstat'
WFLOOR='3'
X2X='/usr/local/bin/x2x'
ac_ct_CC='gcc'
bindir='${exec_prefix}/bin'
build_alias=''
datadir='${prefix}/share'
exec_prefix='${prefix}'
host_alias=''
includedir='${prefix}/include'
infodir='${prefix}/info'
libdir='${exec_prefix}/lib'
libexecdir='${exec_prefix}/libexec'
localstatedir='${prefix}/var'
mandir='${prefix}/man'
oldincludedir='/usr/include'
prefix='/usr/local'
program_transform_name='s,x,x,'
sbindir='${exec_prefix}/sbin'
sharedstatedir='${prefix}/com'
sysconfdir='${prefix}/etc'
target_alias=''

## ----------- ##
## confdefs.h. ##
## ----------- ##

#define PACKAGE_BUGREPORT "hts-users@sp.nitech.ac.jp"
#define PACKAGE_NAME "HTS-demo_CMU-ARCTIC-SLT"
#define PACKAGE_STRING "HTS-demo_CMU-ARCTIC-SLT 2.1"
#define PACKAGE_TARNAME "hts-demo_cmu-arctic-slt"
#define PACKAGE_VERSION "2.1"

configure: exit 0
