~o <VecSize> 138 <USER> <DIAGC><MSDInfo> 5  0  1  1  1  0 <StreamInfo> 5 120 1 1 1 15
<BeginHMM>
  <NumStates> 7
  <State> 2
  <SWeights> 5 1.0 1.0 1.0 1.0 0.0
  <Stream> 1
    <Mean> 120
      0.0 0.0 0.0 0.0 0.0 0.0 0.0 0.0 0.0 0.0 
      0.0 0.0 0.0 0.0 0.0 0.0 0.0 0.0 0.0 0.0 
      0.0 0.0 0.0 0.0 0.0 0.0 0.0 0.0 0.0 0.0 
      0.0 0.0 0.0 0.0 0.0 0.0 0.0 0.0 0.0 0.0 
      0.0 0.0 0.0 0.0 0.0 0.0 0.0 0.0 0.0 0.0 
      0.0 0.0 0.0 0.0 0.0 0.0 0.0 0.0 0.0 0.0 
      0.0 0.0 0.0 0.0 0.0 0.0 0.0 0.0 0.0 0.0 
      0.0 0.0 0.0 0.0 0.0 0.0 0.0 0.0 0.0 0.0 
      0.0 0.0 0.0 0.0 0.0 0.0 0.0 0.0 0.0 0.0 
      0.0 0.0 0.0 0.0 0.0 0.0 0.0 0.0 0.0 0.0 
      0.0 0.0 0.0 0.0 0.0 0.0 0.0 0.0 0.0 0.0 
      0.0 0.0 0.0 0.0 0.0 0.0 0.0 0.0 0.0 0.0 
    <Variance> 120
      1.0 1.0 1.0 1.0 1.0 1.0 1.0 1.0 1.0 1.0 
      1.0 1.0 1.0 1.0 1.0 1.0 1.0 1.0 1.0 1.0 
      1.0 1.0 1.0 1.0 1.0 1.0 1.0 1.0 1.0 1.0 
      1.0 1.0 1.0 1.0 1.0 1.0 1.0 1.0 1.0 1.0 
      1.0 1.0 1.0 1.0 1.0 1.0 1.0 1.0 1.0 1.0 
      1.0 1.0 1.0 1.0 1.0 1.0 1.0 1.0 1.0 1.0 
      1.0 1.0 1.0 1.0 1.0 1.0 1.0 1.0 1.0 1.0 
      1.0 1.0 1.0 1.0 1.0 1.0 1.0 1.0 1.0 1.0 
      1.0 1.0 1.0 1.0 1.0 1.0 1.0 1.0 1.0 1.0 
      1.0 1.0 1.0 1.0 1.0 1.0 1.0 1.0 1.0 1.0 
      1.0 1.0 1.0 1.0 1.0 1.0 1.0 1.0 1.0 1.0 
      1.0 1.0 1.0 1.0 1.0 1.0 1.0 1.0 1.0 1.0 
  <Stream> 2
  <NumMixes> 2
  <Mixture> 1 0.5000
    <Mean> 1
      0.0 
    <Variance> 1
      1.0 
  <Mixture> 2 0.5000
    <Mean> 0
    <Variance> 0
  <Stream> 3
  <NumMixes> 2
  <Mixture> 1 0.5000
    <Mean> 1
      0.0 
    <Variance> 1
      1.0 
  <Mixture> 2 0.5000
    <Mean> 0
    <Variance> 0
  <Stream> 4
  <NumMixes> 2
  <Mixture> 1 0.5000
    <Mean> 1
      0.0 
    <Variance> 1
      1.0 
  <Mixture> 2 0.5000
    <Mean> 0
    <Variance> 0
  <Stream> 5
    <Mean> 15
      0.0 0.0 0.0 0.0 0.0 0.0 0.0 0.0 0.0 0.0 
      0.0 0.0 0.0 0.0 0.0 
    <Variance> 15
      1.0 1.0 1.0 1.0 1.0 1.0 1.0 1.0 1.0 1.0 
      1.0 1.0 1.0 1.0 1.0 
  <State> 3
  <SWeights> 5 1.0 1.0 1.0 1.0 0.0
  <Stream> 1
    <Mean> 120
      0.0 0.0 0.0 0.0 0.0 0.0 0.0 0.0 0.0 0.0 
      0.0 0.0 0.0 0.0 0.0 0.0 0.0 0.0 0.0 0.0 
      0.0 0.0 0.0 0.0 0.0 0.0 0.0 0.0 0.0 0.0 
      0.0 0.0 0.0 0.0 0.0 0.0 0.0 0.0 0.0 0.0 
      0.0 0.0 0.0 0.0 0.0 0.0 0.0 0.0 0.0 0.0 
      0.0 0.0 0.0 0.0 0.0 0.0 0.0 0.0 0.0 0.0 
      0.0 0.0 0.0 0.0 0.0 0.0 0.0 0.0 0.0 0.0 
      0.0 0.0 0.0 0.0 0.0 0.0 0.0 0.0 0.0 0.0 
      0.0 0.0 0.0 0.0 0.0 0.0 0.0 0.0 0.0 0.0 
      0.0 0.0 0.0 0.0 0.0 0.0 0.0 0.0 0.0 0.0 
      0.0 0.0 0.0 0.0 0.0 0.0 0.0 0.0 0.0 0.0 
      0.0 0.0 0.0 0.0 0.0 0.0 0.0 0.0 0.0 0.0 
    <Variance> 120
      1.0 1.0 1.0 1.0 1.0 1.0 1.0 1.0 1.0 1.0 
      1.0 1.0 1.0 1.0 1.0 1.0 1.0 1.0 1.0 1.0 
      1.0 1.0 1.0 1.0 1.0 1.0 1.0 1.0 1.0 1.0 
      1.0 1.0 1.0 1.0 1.0 1.0 1.0 1.0 1.0 1.0 
      1.0 1.0 1.0 1.0 1.0 1.0 1.0 1.0 1.0 1.0 
      1.0 1.0 1.0 1.0 1.0 1.0 1.0 1.0 1.0 1.0 
      1.0 1.0 1.0 1.0 1.0 1.0 1.0 1.0 1.0 1.0 
      1.0 1.0 1.0 1.0 1.0 1.0 1.0 1.0 1.0 1.0 
      1.0 1.0 1.0 1.0 1.0 1.0 1.0 1.0 1.0 1.0 
      1.0 1.0 1.0 1.0 1.0 1.0 1.0 1.0 1.0 1.0 
      1.0 1.0 1.0 1.0 1.0 1.0 1.0 1.0 1.0 1.0 
      1.0 1.0 1.0 1.0 1.0 1.0 1.0 1.0 1.0 1.0 
  <Stream> 2
  <NumMixes> 2
  <Mixture> 1 0.5000
    <Mean> 1
      0.0 
    <Variance> 1
      1.0 
  <Mixture> 2 0.5000
    <Mean> 0
    <Variance> 0
  <Stream> 3
  <NumMixes> 2
  <Mixture> 1 0.5000
    <Mean> 1
      0.0 
    <Variance> 1
      1.0 
  <Mixture> 2 0.5000
    <Mean> 0
    <Variance> 0
  <Stream> 4
  <NumMixes> 2
  <Mixture> 1 0.5000
    <Mean> 1
      0.0 
    <Variance> 1
      1.0 
  <Mixture> 2 0.5000
    <Mean> 0
    <Variance> 0
  <Stream> 5
    <Mean> 15
      0.0 0.0 0.0 0.0 0.0 0.0 0.0 0.0 0.0 0.0 
      0.0 0.0 0.0 0.0 0.0 
    <Variance> 15
      1.0 1.0 1.0 1.0 1.0 1.0 1.0 1.0 1.0 1.0 
      1.0 1.0 1.0 1.0 1.0 
  <State> 4
  <SWeights> 5 1.0 1.0 1.0 1.0 0.0
  <Stream> 1
    <Mean> 120
      0.0 0.0 0.0 0.0 0.0 0.0 0.0 0.0 0.0 0.0 
      0.0 0.0 0.0 0.0 0.0 0.0 0.0 0.0 0.0 0.0 
      0.0 0.0 0.0 0.0 0.0 0.0 0.0 0.0 0.0 0.0 
      0.0 0.0 0.0 0.0 0.0 0.0 0.0 0.0 0.0 0.0 
      0.0 0.0 0.0 0.0 0.0 0.0 0.0 0.0 0.0 0.0 
      0.0 0.0 0.0 0.0 0.0 0.0 0.0 0.0 0.0 0.0 
      0.0 0.0 0.0 0.0 0.0 0.0 0.0 0.0 0.0 0.0 
      0.0 0.0 0.0 0.0 0.0 0.0 0.0 0.0 0.0 0.0 
      0.0 0.0 0.0 0.0 0.0 0.0 0.0 0.0 0.0 0.0 
      0.0 0.0 0.0 0.0 0.0 0.0 0.0 0.0 0.0 0.0 
      0.0 0.0 0.0 0.0 0.0 0.0 0.0 0.0 0.0 0.0 
      0.0 0.0 0.0 0.0 0.0 0.0 0.0 0.0 0.0 0.0 
    <Variance> 120
      1.0 1.0 1.0 1.0 1.0 1.0 1.0 1.0 1.0 1.0 
      1.0 1.0 1.0 1.0 1.0 1.0 1.0 1.0 1.0 1.0 
      1.0 1.0 1.0 1.0 1.0 1.0 1.0 1.0 1.0 1.0 
      1.0 1.0 1.0 1.0 1.0 1.0 1.0 1.0 1.0 1.0 
      1.0 1.0 1.0 1.0 1.0 1.0 1.0 1.0 1.0 1.0 
      1.0 1.0 1.0 1.0 1.0 1.0 1.0 1.0 1.0 1.0 
      1.0 1.0 1.0 1.0 1.0 1.0 1.0 1.0 1.0 1.0 
      1.0 1.0 1.0 1.0 1.0 1.0 1.0 1.0 1.0 1.0 
      1.0 1.0 1.0 1.0 1.0 1.0 1.0 1.0 1.0 1.0 
      1.0 1.0 1.0 1.0 1.0 1.0 1.0 1.0 1.0 1.0 
      1.0 1.0 1.0 1.0 1.0 1.0 1.0 1.0 1.0 1.0 
      1.0 1.0 1.0 1.0 1.0 1.0 1.0 1.0 1.0 1.0 
  <Stream> 2
  <NumMixes> 2
  <Mixture> 1 0.5000
    <Mean> 1
      0.0 
    <Variance> 1
      1.0 
  <Mixture> 2 0.5000
    <Mean> 0
    <Variance> 0
  <Stream> 3
  <NumMixes> 2
  <Mixture> 1 0.5000
    <Mean> 1
      0.0 
    <Variance> 1
      1.0 
  <Mixture> 2 0.5000
    <Mean> 0
    <Variance> 0
  <Stream> 4
  <NumMixes> 2
  <Mixture> 1 0.5000
    <Mean> 1
      0.0 
    <Variance> 1
      1.0 
  <Mixture> 2 0.5000
    <Mean> 0
    <Variance> 0
  <Stream> 5
    <Mean> 15
      0.0 0.0 0.0 0.0 0.0 0.0 0.0 0.0 0.0 0.0 
      0.0 0.0 0.0 0.0 0.0 
    <Variance> 15
      1.0 1.0 1.0 1.0 1.0 1.0 1.0 1.0 1.0 1.0 
      1.0 1.0 1.0 1.0 1.0 
  <State> 5
  <SWeights> 5 1.0 1.0 1.0 1.0 0.0
  <Stream> 1
    <Mean> 120
      0.0 0.0 0.0 0.0 0.0 0.0 0.0 0.0 0.0 0.0 
      0.0 0.0 0.0 0.0 0.0 0.0 0.0 0.0 0.0 0.0 
      0.0 0.0 0.0 0.0 0.0 0.0 0.0 0.0 0.0 0.0 
      0.0 0.0 0.0 0.0 0.0 0.0 0.0 0.0 0.0 0.0 
      0.0 0.0 0.0 0.0 0.0 0.0 0.0 0.0 0.0 0.0 
      0.0 0.0 0.0 0.0 0.0 0.0 0.0 0.0 0.0 0.0 
      0.0 0.0 0.0 0.0 0.0 0.0 0.0 0.0 0.0 0.0 
      0.0 0.0 0.0 0.0 0.0 0.0 0.0 0.0 0.0 0.0 
      0.0 0.0 0.0 0.0 0.0 0.0 0.0 0.0 0.0 0.0 
      0.0 0.0 0.0 0.0 0.0 0.0 0.0 0.0 0.0 0.0 
      0.0 0.0 0.0 0.0 0.0 0.0 0.0 0.0 0.0 0.0 
      0.0 0.0 0.0 0.0 0.0 0.0 0.0 0.0 0.0 0.0 
    <Variance> 120
      1.0 1.0 1.0 1.0 1.0 1.0 1.0 1.0 1.0 1.0 
      1.0 1.0 1.0 1.0 1.0 1.0 1.0 1.0 1.0 1.0 
      1.0 1.0 1.0 1.0 1.0 1.0 1.0 1.0 1.0 1.0 
      1.0 1.0 1.0 1.0 1.0 1.0 1.0 1.0 1.0 1.0 
      1.0 1.0 1.0 1.0 1.0 1.0 1.0 1.0 1.0 1.0 
      1.0 1.0 1.0 1.0 1.0 1.0 1.0 1.0 1.0 1.0 
      1.0 1.0 1.0 1.0 1.0 1.0 1.0 1.0 1.0 1.0 
      1.0 1.0 1.0 1.0 1.0 1.0 1.0 1.0 1.0 1.0 
      1.0 1.0 1.0 1.0 1.0 1.0 1.0 1.0 1.0 1.0 
      1.0 1.0 1.0 1.0 1.0 1.0 1.0 1.0 1.0 1.0 
      1.0 1.0 1.0 1.0 1.0 1.0 1.0 1.0 1.0 1.0 
      1.0 1.0 1.0 1.0 1.0 1.0 1.0 1.0 1.0 1.0 
  <Stream> 2
  <NumMixes> 2
  <Mixture> 1 0.5000
    <Mean> 1
      0.0 
    <Variance> 1
      1.0 
  <Mixture> 2 0.5000
    <Mean> 0
    <Variance> 0
  <Stream> 3
  <NumMixes> 2
  <Mixture> 1 0.5000
    <Mean> 1
      0.0 
    <Variance> 1
      1.0 
  <Mixture> 2 0.5000
    <Mean> 0
    <Variance> 0
  <Stream> 4
  <NumMixes> 2
  <Mixture> 1 0.5000
    <Mean> 1
      0.0 
    <Variance> 1
      1.0 
  <Mixture> 2 0.5000
    <Mean> 0
    <Variance> 0
  <Stream> 5
    <Mean> 15
      0.0 0.0 0.0 0.0 0.0 0.0 0.0 0.0 0.0 0.0 
      0.0 0.0 0.0 0.0 0.0 
    <Variance> 15
      1.0 1.0 1.0 1.0 1.0 1.0 1.0 1.0 1.0 1.0 
      1.0 1.0 1.0 1.0 1.0 
  <State> 6
  <SWeights> 5 1.0 1.0 1.0 1.0 0.0
  <Stream> 1
    <Mean> 120
      0.0 0.0 0.0 0.0 0.0 0.0 0.0 0.0 0.0 0.0 
      0.0 0.0 0.0 0.0 0.0 0.0 0.0 0.0 0.0 0.0 
      0.0 0.0 0.0 0.0 0.0 0.0 0.0 0.0 0.0 0.0 
      0.0 0.0 0.0 0.0 0.0 0.0 0.0 0.0 0.0 0.0 
      0.0 0.0 0.0 0.0 0.0 0.0 0.0 0.0 0.0 0.0 
      0.0 0.0 0.0 0.0 0.0 0.0 0.0 0.0 0.0 0.0 
      0.0 0.0 0.0 0.0 0.0 0.0 0.0 0.0 0.0 0.0 
      0.0 0.0 0.0 0.0 0.0 0.0 0.0 0.0 0.0 0.0 
      0.0 0.0 0.0 0.0 0.0 0.0 0.0 0.0 0.0 0.0 
      0.0 0.0 0.0 0.0 0.0 0.0 0.0 0.0 0.0 0.0 
      0.0 0.0 0.0 0.0 0.0 0.0 0.0 0.0 0.0 0.0 
      0.0 0.0 0.0 0.0 0.0 0.0 0.0 0.0 0.0 0.0 
    <Variance> 120
      1.0 1.0 1.0 1.0 1.0 1.0 1.0 1.0 1.0 1.0 
      1.0 1.0 1.0 1.0 1.0 1.0 1.0 1.0 1.0 1.0 
      1.0 1.0 1.0 1.0 1.0 1.0 1.0 1.0 1.0 1.0 
      1.0 1.0 1.0 1.0 1.0 1.0 1.0 1.0 1.0 1.0 
      1.0 1.0 1.0 1.0 1.0 1.0 1.0 1.0 1.0 1.0 
      1.0 1.0 1.0 1.0 1.0 1.0 1.0 1.0 1.0 1.0 
      1.0 1.0 1.0 1.0 1.0 1.0 1.0 1.0 1.0 1.0 
      1.0 1.0 1.0 1.0 1.0 1.0 1.0 1.0 1.0 1.0 
      1.0 1.0 1.0 1.0 1.0 1.0 1.0 1.0 1.0 1.0 
      1.0 1.0 1.0 1.0 1.0 1.0 1.0 1.0 1.0 1.0 
      1.0 1.0 1.0 1.0 1.0 1.0 1.0 1.0 1.0 1.0 
      1.0 1.0 1.0 1.0 1.0 1.0 1.0 1.0 1.0 1.0 
  <Stream> 2
  <NumMixes> 2
  <Mixture> 1 0.5000
    <Mean> 1
      0.0 
    <Variance> 1
      1.0 
  <Mixture> 2 0.5000
    <Mean> 0
    <Variance> 0
  <Stream> 3
  <NumMixes> 2
  <Mixture> 1 0.5000
    <Mean> 1
      0.0 
    <Variance> 1
      1.0 
  <Mixture> 2 0.5000
    <Mean> 0
    <Variance> 0
  <Stream> 4
  <NumMixes> 2
  <Mixture> 1 0.5000
    <Mean> 1
      0.0 
    <Variance> 1
      1.0 
  <Mixture> 2 0.5000
    <Mean> 0
    <Variance> 0
  <Stream> 5
    <Mean> 15
      0.0 0.0 0.0 0.0 0.0 0.0 0.0 0.0 0.0 0.0 
      0.0 0.0 0.0 0.0 0.0 
    <Variance> 15
      1.0 1.0 1.0 1.0 1.0 1.0 1.0 1.0 1.0 1.0 
      1.0 1.0 1.0 1.0 1.0 
  <TransP> 7
    0.000e+0 1.000e+0 0.000e+0 0.000e+0 0.000e+0 0.000e+0 0.000e+0 
    0.000e+0 6.000e-1 4.000e-1 0.000e+0 0.000e+0 0.000e+0 0.000e+0 
    0.000e+0 0.000e+0 6.000e-1 4.000e-1 0.000e+0 0.000e+0 0.000e+0 
    0.000e+0 0.000e+0 0.000e+0 6.000e-1 4.000e-1 0.000e+0 0.000e+0 
    0.000e+0 0.000e+0 0.000e+0 0.000e+0 6.000e-1 4.000e-1 0.000e+0 
    0.000e+0 0.000e+0 0.000e+0 0.000e+0 0.000e+0 6.000e-1 4.000e-1 
    0.000e+0 0.000e+0 0.000e+0 0.000e+0 0.000e+0 0.000e+0 0.000e+0 
<EndHMM>
